<?xml version="1.0" encoding="UTF-8" ?>
<testsuite failures="0" time="15.772" errors="0" skipped="0" tests="1" name="org.springframework.samples.travel.BookingServiceTest">
  <properties>
    <property name="java.runtime.name" value="Java(TM) SE Runtime Environment"/>
    <property name="sun.boot.library.path" value="C:\Program Files\Java\jdk1.7.0_45\jre\bin"/>
    <property name="java.vm.version" value="24.45-b08"/>
    <property name="java.vm.vendor" value="Oracle Corporation"/>
    <property name="java.vendor.url" value="http://java.oracle.com/"/>
    <property name="path.separator" value=";"/>
    <property name="java.vm.name" value="Java HotSpot(TM) 64-Bit Server VM"/>
    <property name="file.encoding.pkg" value="sun.io"/>
    <property name="user.script" value=""/>
    <property name="user.country" value="US"/>
    <property name="sun.java.launcher" value="SUN_STANDARD"/>
    <property name="sun.os.patch.level" value="Service Pack 1"/>
    <property name="java.vm.specification.name" value="Java Virtual Machine Specification"/>
    <property name="user.dir" value="C:\RV\ASD\Projects\travel"/>
    <property name="java.runtime.version" value="1.7.0_45-b18"/>
    <property name="java.awt.graphicsenv" value="sun.awt.Win32GraphicsEnvironment"/>
    <property name="basedir" value="C:\RV\ASD\Projects\travel"/>
    <property name="java.endorsed.dirs" value="C:\Program Files\Java\jdk1.7.0_45\jre\lib\endorsed"/>
    <property name="os.arch" value="amd64"/>
    <property name="surefire.real.class.path" value="C:\Users\RASHMI~1.VIR\AppData\Local\Temp\surefirebooter3373514301202494341.jar"/>
    <property name="java.io.tmpdir" value="C:\Users\RASHMI~1.VIR\AppData\Local\Temp\"/>
    <property name="line.separator" value="
"/>
    <property name="java.vm.specification.vendor" value="Oracle Corporation"/>
    <property name="user.variant" value=""/>
    <property name="os.name" value="Windows 7"/>
    <property name="sun.jnu.encoding" value="Cp1252"/>
    <property name="java.library.path" value="C:\Program Files\Java\jdk1.7.0_45\jre\bin;C:\windows\Sun\Java\bin;C:\windows\system32;C:\windows;C:\Program Files\Java\jdk1.7.0_45\bin;C:\Downloads\apache-maven-2.2.1\bin;C:\jba\tools\sonarqube-runner-2.4\bin;C:\ProgramData\Oracle\Java\javapath;C:\Program Files\Dell\DW WLAN Card;;C:\windows\system32;C:\windows;C:\windows\System32\Wbem;C:\windows\System32\WindowsPowerShell\v1.0\;C:\Program Files (x86)\Git\bin;C:\Downloads\apache-maven-3.1.1\bin;C:\Program Files\Java\jdk1.7.0_45\bin;C:\Program Files (x86)\MySQL\MySQL Server 5.6\bin;C:\RV\ASD\ASD-J_Apps\doxygen\doxygen\bin;C:\RV\ASD\ASD-J_Apps\Graphviz2.30\bin;C:\RV\ASD\IzPack\bin;C:\Downloads\apache-ant-1.9.4\bin;C:\Program Files (x86)\Symantec\VIP Access Client\;C:\Users\rashmi.virdy\.m2\repository\org\apache\bcel\bcel\5.2\bcel-5.2.jar;C:\Downloads\Play\activator-1.3.2;C:\RV\ASD\Research\spring-1.1.4.RELEASE\bin;C:\Program Files\nodejs\;C:\Users\rashmi.virdy\AppData\Roaming\npm;C:\Program Files\MySQL\MySQL Server 5.5\bin;C:\Program Files (x86)\CloudFoundry;C:\Users\rashmi.virdy\AppData\Roaming\npm;."/>
    <property name="surefire.test.class.path" value="C:\RV\ASD\Projects\travel\target\test-classes;C:\RV\ASD\Projects\travel\target\classes;C:\Users\rashmi.virdy\.m2\repository\org\springframework\spring-context\3.0.5.RELEASE\spring-context-3.0.5.RELEASE.jar;C:\Users\rashmi.virdy\.m2\repository\org\springframework\spring-aop\3.0.5.RELEASE\spring-aop-3.0.5.RELEASE.jar;C:\Users\rashmi.virdy\.m2\repository\aopalliance\aopalliance\1.0\aopalliance-1.0.jar;C:\Users\rashmi.virdy\.m2\repository\org\springframework\spring-asm\3.0.5.RELEASE\spring-asm-3.0.5.RELEASE.jar;C:\Users\rashmi.virdy\.m2\repository\org\springframework\spring-beans\3.0.5.RELEASE\spring-beans-3.0.5.RELEASE.jar;C:\Users\rashmi.virdy\.m2\repository\org\springframework\spring-core\3.0.5.RELEASE\spring-core-3.0.5.RELEASE.jar;C:\Users\rashmi.virdy\.m2\repository\org\springframework\spring-expression\3.0.5.RELEASE\spring-expression-3.0.5.RELEASE.jar;C:\Users\rashmi.virdy\.m2\repository\taglibs\standard\1.1.2\standard-1.1.2.jar;C:\Users\rashmi.virdy\.m2\repository\org\springframework\spring-jdbc\3.0.5.RELEASE\spring-jdbc-3.0.5.RELEASE.jar;C:\Users\rashmi.virdy\.m2\repository\org\springframework\spring-tx\3.0.5.RELEASE\spring-tx-3.0.5.RELEASE.jar;C:\Users\rashmi.virdy\.m2\repository\org\springframework\spring-orm\3.0.5.RELEASE\spring-orm-3.0.5.RELEASE.jar;C:\Users\rashmi.virdy\.m2\repository\org\springframework\spring-webmvc\3.0.5.RELEASE\spring-webmvc-3.0.5.RELEASE.jar;C:\Users\rashmi.virdy\.m2\repository\org\springframework\spring-context-support\3.0.5.RELEASE\spring-context-support-3.0.5.RELEASE.jar;C:\Users\rashmi.virdy\.m2\repository\org\springframework\spring-web\3.0.5.RELEASE\spring-web-3.0.5.RELEASE.jar;C:\Users\rashmi.virdy\.m2\repository\org\springframework\webflow\spring-webflow\2.2.1.RELEASE\spring-webflow-2.2.1.RELEASE.jar;C:\Users\rashmi.virdy\.m2\repository\commons-logging\commons-logging\1.1.1\commons-logging-1.1.1.jar;C:\Users\rashmi.virdy\.m2\repository\org\springframework\webflow\spring-binding\2.2.1.RELEASE\spring-binding-2.2.1.RELEASE.jar;C:\Users\rashmi.virdy\.m2\repository\org\springframework\webflow\spring-js\2.2.1.RELEASE\spring-js-2.2.1.RELEASE.jar;C:\Users\rashmi.virdy\.m2\repository\org\springframework\webflow\spring-js-resources\2.2.1.RELEASE\spring-js-resources-2.2.1.RELEASE.jar;C:\Users\rashmi.virdy\.m2\repository\org\springframework\security\spring-security-web\3.0.5.RELEASE\spring-security-web-3.0.5.RELEASE.jar;C:\Users\rashmi.virdy\.m2\repository\org\springframework\security\spring-security-core\3.0.5.RELEASE\spring-security-core-3.0.5.RELEASE.jar;C:\Users\rashmi.virdy\.m2\repository\org\aspectj\aspectjrt\1.6.9\aspectjrt-1.6.9.jar;C:\Users\rashmi.virdy\.m2\repository\org\aspectj\aspectjweaver\1.6.8\aspectjweaver-1.6.8.jar;C:\Users\rashmi.virdy\.m2\repository\org\springframework\security\spring-security-taglibs\3.0.5.RELEASE\spring-security-taglibs-3.0.5.RELEASE.jar;C:\Users\rashmi.virdy\.m2\repository\org\springframework\security\spring-security-acl\3.0.5.RELEASE\spring-security-acl-3.0.5.RELEASE.jar;C:\Users\rashmi.virdy\.m2\repository\org\springframework\security\spring-security-config\3.0.5.RELEASE\spring-security-config-3.0.5.RELEASE.jar;C:\Users\rashmi.virdy\.m2\repository\org\springframework\roo\org.springframework.roo.annotations\1.1.0.RELEASE\org.springframework.roo.annotations-1.1.0.RELEASE.jar;C:\Users\rashmi.virdy\.m2\repository\org\slf4j\slf4j-api\1.6.1\slf4j-api-1.6.1.jar;C:\Users\rashmi.virdy\.m2\repository\org\slf4j\jcl-over-slf4j\1.6.1\jcl-over-slf4j-1.6.1.jar;C:\Users\rashmi.virdy\.m2\repository\org\slf4j\slf4j-log4j12\1.6.1\slf4j-log4j12-1.6.1.jar;C:\Users\rashmi.virdy\.m2\repository\log4j\log4j\1.2.16\log4j-1.2.16.jar;C:\Users\rashmi.virdy\.m2\repository\javax\inject\javax.inject\1\javax.inject-1.jar;C:\Users\rashmi.virdy\.m2\repository\hsqldb\hsqldb\1.8.0.10\hsqldb-1.8.0.10.jar;C:\Users\rashmi.virdy\.m2\repository\javax\servlet\servlet-api\2.5\servlet-api-2.5.jar;C:\Users\rashmi.virdy\.m2\repository\javax\servlet\jstl\1.2\jstl-1.2.jar;C:\Users\rashmi.virdy\.m2\repository\org\apache\tiles\tiles-jsp\2.2.2\tiles-jsp-2.2.2.jar;C:\Users\rashmi.virdy\.m2\repository\org\apache\tiles\tiles-servlet\2.2.2\tiles-servlet-2.2.2.jar;C:\Users\rashmi.virdy\.m2\repository\org\apache\tiles\tiles-core\2.2.2\tiles-core-2.2.2.jar;C:\Users\rashmi.virdy\.m2\repository\org\apache\tiles\tiles-api\2.2.2\tiles-api-2.2.2.jar;C:\Users\rashmi.virdy\.m2\repository\commons-digester\commons-digester\2.0\commons-digester-2.0.jar;C:\Users\rashmi.virdy\.m2\repository\commons-beanutils\commons-beanutils\1.8.0\commons-beanutils-1.8.0.jar;C:\Users\rashmi.virdy\.m2\repository\org\apache\tiles\tiles-template\2.2.2\tiles-template-2.2.2.jar;C:\Users\rashmi.virdy\.m2\repository\org\hibernate\hibernate-entitymanager\3.6.0.Final\hibernate-entitymanager-3.6.0.Final.jar;C:\Users\rashmi.virdy\.m2\repository\org\hibernate\hibernate-core\3.6.0.Final\hibernate-core-3.6.0.Final.jar;C:\Users\rashmi.virdy\.m2\repository\antlr\antlr\2.7.6\antlr-2.7.6.jar;C:\Users\rashmi.virdy\.m2\repository\commons-collections\commons-collections\3.1\commons-collections-3.1.jar;C:\Users\rashmi.virdy\.m2\repository\dom4j\dom4j\1.6.1\dom4j-1.6.1.jar;C:\Users\rashmi.virdy\.m2\repository\org\hibernate\hibernate-commons-annotations\3.2.0.Final\hibernate-commons-annotations-3.2.0.Final.jar;C:\Users\rashmi.virdy\.m2\repository\org\hibernate\javax\persistence\hibernate-jpa-2.0-api\1.0.0.Final\hibernate-jpa-2.0-api-1.0.0.Final.jar;C:\Users\rashmi.virdy\.m2\repository\javax\transaction\jta\1.1\jta-1.1.jar;C:\Users\rashmi.virdy\.m2\repository\cglib\cglib\2.2\cglib-2.2.jar;C:\Users\rashmi.virdy\.m2\repository\asm\asm\3.1\asm-3.1.jar;C:\Users\rashmi.virdy\.m2\repository\javassist\javassist\3.12.0.GA\javassist-3.12.0.GA.jar;C:\Users\rashmi.virdy\.m2\repository\javax\validation\validation-api\1.0.0.GA\validation-api-1.0.0.GA.jar;C:\Users\rashmi.virdy\.m2\repository\org\hibernate\hibernate-validator\4.1.0.Final\hibernate-validator-4.1.0.Final.jar;C:\Users\rashmi.virdy\.m2\repository\joda-time\joda-time\1.6.2\joda-time-1.6.2.jar;C:\Users\rashmi.virdy\.m2\repository\joda-time\joda-time-jsptags\1.0.2\joda-time-jsptags-1.0.2.jar;C:\Users\rashmi.virdy\.m2\repository\org\easymock\easymock\2.5.2\easymock-2.5.2.jar;C:\Users\rashmi.virdy\.m2\repository\junit\junit\4.7\junit-4.7.jar;C:\Users\rashmi.virdy\.m2\repository\org\springframework\spring-test\3.0.5.RELEASE\spring-test-3.0.5.RELEASE.jar;"/>
    <property name="java.specification.name" value="Java Platform API Specification"/>
    <property name="java.class.version" value="51.0"/>
    <property name="sun.management.compiler" value="HotSpot 64-Bit Tiered Compilers"/>
    <property name="os.version" value="6.1"/>
    <property name="user.home" value="C:\Users\rashmi.virdy"/>
    <property name="user.timezone" value="Asia/Calcutta"/>
    <property name="java.awt.printerjob" value="sun.awt.windows.WPrinterJob"/>
    <property name="java.specification.version" value="1.7"/>
    <property name="file.encoding" value="Cp1252"/>
    <property name="user.name" value="rashmi.virdy"/>
    <property name="java.class.path" value="C:\RV\ASD\Projects\travel\target\test-classes;C:\RV\ASD\Projects\travel\target\classes;C:\Users\rashmi.virdy\.m2\repository\org\springframework\spring-context\3.0.5.RELEASE\spring-context-3.0.5.RELEASE.jar;C:\Users\rashmi.virdy\.m2\repository\org\springframework\spring-aop\3.0.5.RELEASE\spring-aop-3.0.5.RELEASE.jar;C:\Users\rashmi.virdy\.m2\repository\aopalliance\aopalliance\1.0\aopalliance-1.0.jar;C:\Users\rashmi.virdy\.m2\repository\org\springframework\spring-asm\3.0.5.RELEASE\spring-asm-3.0.5.RELEASE.jar;C:\Users\rashmi.virdy\.m2\repository\org\springframework\spring-beans\3.0.5.RELEASE\spring-beans-3.0.5.RELEASE.jar;C:\Users\rashmi.virdy\.m2\repository\org\springframework\spring-core\3.0.5.RELEASE\spring-core-3.0.5.RELEASE.jar;C:\Users\rashmi.virdy\.m2\repository\org\springframework\spring-expression\3.0.5.RELEASE\spring-expression-3.0.5.RELEASE.jar;C:\Users\rashmi.virdy\.m2\repository\taglibs\standard\1.1.2\standard-1.1.2.jar;C:\Users\rashmi.virdy\.m2\repository\org\springframework\spring-jdbc\3.0.5.RELEASE\spring-jdbc-3.0.5.RELEASE.jar;C:\Users\rashmi.virdy\.m2\repository\org\springframework\spring-tx\3.0.5.RELEASE\spring-tx-3.0.5.RELEASE.jar;C:\Users\rashmi.virdy\.m2\repository\org\springframework\spring-orm\3.0.5.RELEASE\spring-orm-3.0.5.RELEASE.jar;C:\Users\rashmi.virdy\.m2\repository\org\springframework\spring-webmvc\3.0.5.RELEASE\spring-webmvc-3.0.5.RELEASE.jar;C:\Users\rashmi.virdy\.m2\repository\org\springframework\spring-context-support\3.0.5.RELEASE\spring-context-support-3.0.5.RELEASE.jar;C:\Users\rashmi.virdy\.m2\repository\org\springframework\spring-web\3.0.5.RELEASE\spring-web-3.0.5.RELEASE.jar;C:\Users\rashmi.virdy\.m2\repository\org\springframework\webflow\spring-webflow\2.2.1.RELEASE\spring-webflow-2.2.1.RELEASE.jar;C:\Users\rashmi.virdy\.m2\repository\commons-logging\commons-logging\1.1.1\commons-logging-1.1.1.jar;C:\Users\rashmi.virdy\.m2\repository\org\springframework\webflow\spring-binding\2.2.1.RELEASE\spring-binding-2.2.1.RELEASE.jar;C:\Users\rashmi.virdy\.m2\repository\org\springframework\webflow\spring-js\2.2.1.RELEASE\spring-js-2.2.1.RELEASE.jar;C:\Users\rashmi.virdy\.m2\repository\org\springframework\webflow\spring-js-resources\2.2.1.RELEASE\spring-js-resources-2.2.1.RELEASE.jar;C:\Users\rashmi.virdy\.m2\repository\org\springframework\security\spring-security-web\3.0.5.RELEASE\spring-security-web-3.0.5.RELEASE.jar;C:\Users\rashmi.virdy\.m2\repository\org\springframework\security\spring-security-core\3.0.5.RELEASE\spring-security-core-3.0.5.RELEASE.jar;C:\Users\rashmi.virdy\.m2\repository\org\aspectj\aspectjrt\1.6.9\aspectjrt-1.6.9.jar;C:\Users\rashmi.virdy\.m2\repository\org\aspectj\aspectjweaver\1.6.8\aspectjweaver-1.6.8.jar;C:\Users\rashmi.virdy\.m2\repository\org\springframework\security\spring-security-taglibs\3.0.5.RELEASE\spring-security-taglibs-3.0.5.RELEASE.jar;C:\Users\rashmi.virdy\.m2\repository\org\springframework\security\spring-security-acl\3.0.5.RELEASE\spring-security-acl-3.0.5.RELEASE.jar;C:\Users\rashmi.virdy\.m2\repository\org\springframework\security\spring-security-config\3.0.5.RELEASE\spring-security-config-3.0.5.RELEASE.jar;C:\Users\rashmi.virdy\.m2\repository\org\springframework\roo\org.springframework.roo.annotations\1.1.0.RELEASE\org.springframework.roo.annotations-1.1.0.RELEASE.jar;C:\Users\rashmi.virdy\.m2\repository\org\slf4j\slf4j-api\1.6.1\slf4j-api-1.6.1.jar;C:\Users\rashmi.virdy\.m2\repository\org\slf4j\jcl-over-slf4j\1.6.1\jcl-over-slf4j-1.6.1.jar;C:\Users\rashmi.virdy\.m2\repository\org\slf4j\slf4j-log4j12\1.6.1\slf4j-log4j12-1.6.1.jar;C:\Users\rashmi.virdy\.m2\repository\log4j\log4j\1.2.16\log4j-1.2.16.jar;C:\Users\rashmi.virdy\.m2\repository\javax\inject\javax.inject\1\javax.inject-1.jar;C:\Users\rashmi.virdy\.m2\repository\hsqldb\hsqldb\1.8.0.10\hsqldb-1.8.0.10.jar;C:\Users\rashmi.virdy\.m2\repository\javax\servlet\servlet-api\2.5\servlet-api-2.5.jar;C:\Users\rashmi.virdy\.m2\repository\javax\servlet\jstl\1.2\jstl-1.2.jar;C:\Users\rashmi.virdy\.m2\repository\org\apache\tiles\tiles-jsp\2.2.2\tiles-jsp-2.2.2.jar;C:\Users\rashmi.virdy\.m2\repository\org\apache\tiles\tiles-servlet\2.2.2\tiles-servlet-2.2.2.jar;C:\Users\rashmi.virdy\.m2\repository\org\apache\tiles\tiles-core\2.2.2\tiles-core-2.2.2.jar;C:\Users\rashmi.virdy\.m2\repository\org\apache\tiles\tiles-api\2.2.2\tiles-api-2.2.2.jar;C:\Users\rashmi.virdy\.m2\repository\commons-digester\commons-digester\2.0\commons-digester-2.0.jar;C:\Users\rashmi.virdy\.m2\repository\commons-beanutils\commons-beanutils\1.8.0\commons-beanutils-1.8.0.jar;C:\Users\rashmi.virdy\.m2\repository\org\apache\tiles\tiles-template\2.2.2\tiles-template-2.2.2.jar;C:\Users\rashmi.virdy\.m2\repository\org\hibernate\hibernate-entitymanager\3.6.0.Final\hibernate-entitymanager-3.6.0.Final.jar;C:\Users\rashmi.virdy\.m2\repository\org\hibernate\hibernate-core\3.6.0.Final\hibernate-core-3.6.0.Final.jar;C:\Users\rashmi.virdy\.m2\repository\antlr\antlr\2.7.6\antlr-2.7.6.jar;C:\Users\rashmi.virdy\.m2\repository\commons-collections\commons-collections\3.1\commons-collections-3.1.jar;C:\Users\rashmi.virdy\.m2\repository\dom4j\dom4j\1.6.1\dom4j-1.6.1.jar;C:\Users\rashmi.virdy\.m2\repository\org\hibernate\hibernate-commons-annotations\3.2.0.Final\hibernate-commons-annotations-3.2.0.Final.jar;C:\Users\rashmi.virdy\.m2\repository\org\hibernate\javax\persistence\hibernate-jpa-2.0-api\1.0.0.Final\hibernate-jpa-2.0-api-1.0.0.Final.jar;C:\Users\rashmi.virdy\.m2\repository\javax\transaction\jta\1.1\jta-1.1.jar;C:\Users\rashmi.virdy\.m2\repository\cglib\cglib\2.2\cglib-2.2.jar;C:\Users\rashmi.virdy\.m2\repository\asm\asm\3.1\asm-3.1.jar;C:\Users\rashmi.virdy\.m2\repository\javassist\javassist\3.12.0.GA\javassist-3.12.0.GA.jar;C:\Users\rashmi.virdy\.m2\repository\javax\validation\validation-api\1.0.0.GA\validation-api-1.0.0.GA.jar;C:\Users\rashmi.virdy\.m2\repository\org\hibernate\hibernate-validator\4.1.0.Final\hibernate-validator-4.1.0.Final.jar;C:\Users\rashmi.virdy\.m2\repository\joda-time\joda-time\1.6.2\joda-time-1.6.2.jar;C:\Users\rashmi.virdy\.m2\repository\joda-time\joda-time-jsptags\1.0.2\joda-time-jsptags-1.0.2.jar;C:\Users\rashmi.virdy\.m2\repository\org\easymock\easymock\2.5.2\easymock-2.5.2.jar;C:\Users\rashmi.virdy\.m2\repository\junit\junit\4.7\junit-4.7.jar;C:\Users\rashmi.virdy\.m2\repository\org\springframework\spring-test\3.0.5.RELEASE\spring-test-3.0.5.RELEASE.jar;"/>
    <property name="java.vm.specification.version" value="1.7"/>
    <property name="sun.arch.data.model" value="64"/>
    <property name="java.home" value="C:\Program Files\Java\jdk1.7.0_45\jre"/>
    <property name="sun.java.command" value="C:\Users\RASHMI~1.VIR\AppData\Local\Temp\surefirebooter3373514301202494341.jar C:\Users\RASHMI~1.VIR\AppData\Local\Temp\surefire5539058120674352699tmp C:\Users\RASHMI~1.VIR\AppData\Local\Temp\surefire6701004795458878351tmp"/>
    <property name="java.specification.vendor" value="Oracle Corporation"/>
    <property name="user.language" value="en"/>
    <property name="awt.toolkit" value="sun.awt.windows.WToolkit"/>
    <property name="java.vm.info" value="mixed mode"/>
    <property name="java.version" value="1.7.0_45"/>
    <property name="java.ext.dirs" value="C:\Program Files\Java\jdk1.7.0_45\jre\lib\ext;C:\windows\Sun\Java\lib\ext"/>
    <property name="sun.boot.class.path" value="C:\Program Files\Java\jdk1.7.0_45\jre\lib\resources.jar;C:\Program Files\Java\jdk1.7.0_45\jre\lib\rt.jar;C:\Program Files\Java\jdk1.7.0_45\jre\lib\sunrsasign.jar;C:\Program Files\Java\jdk1.7.0_45\jre\lib\jsse.jar;C:\Program Files\Java\jdk1.7.0_45\jre\lib\jce.jar;C:\Program Files\Java\jdk1.7.0_45\jre\lib\charsets.jar;C:\Program Files\Java\jdk1.7.0_45\jre\lib\jfr.jar;C:\Program Files\Java\jdk1.7.0_45\jre\classes"/>
    <property name="java.vendor" value="Oracle Corporation"/>
    <property name="localRepository" value="C:\Users\rashmi.virdy\.m2\repository"/>
    <property name="file.separator" value="\"/>
    <property name="java.vendor.url.bug" value="http://bugreport.sun.com/bugreport/"/>
    <property name="sun.cpu.endian" value="little"/>
    <property name="sun.io.unicode.encoding" value="UnicodeLittle"/>
    <property name="sun.desktop" value="windows"/>
    <property name="sun.cpu.isalist" value="amd64"/>
  </properties>
  <testcase time="15.663" classname="org.springframework.samples.travel.BookingServiceTest" name="testUser"/>
</testsuite>